[main 38af116] auto backup: 2026-07-19 22:00:01
 1 file changed, 0 insertions(+), 0 deletions(-)
 create mode 100644 backup.log
To github.com:fabse-hack/klipper-config.git
   4ecc7fb..38af116  main -> main
[main 70cc356] auto backup: 2026-07-19 22:15:01
 1 file changed, 5 insertions(+)
To github.com:fabse-hack/klipper-config.git
   38af116..70cc356  main -> main
[main 3b90102] auto backup: 2026-07-20 19:15:01
 1 file changed, 4 insertions(+)
To github.com:fabse-hack/klipper-config.git
   70cc356..3b90102  main -> main
[main 72be3b1] auto backup: 2026-07-20 19:30:01
 1 file changed, 4 insertions(+)
To github.com:fabse-hack/klipper-config.git
   3b90102..72be3b1  main -> main
[main e18d0ca] auto backup: 2026-07-20 19:45:01
 3 files changed, 8 insertions(+), 4 deletions(-)
To github.com:fabse-hack/klipper-config.git
   72be3b1..e18d0ca  main -> main
[main 2981a8b] auto backup: 2026-07-20 20:00:01
 1 file changed, 4 insertions(+)
To github.com:fabse-hack/klipper-config.git
   e18d0ca..2981a8b  main -> main
[main 1af875b] auto backup: 2026-07-20 20:15:35
 2 files changed, 6 insertions(+)
To github.com:fabse-hack/klipper-config.git
   2981a8b..1af875b  main -> main
[main 2655d45] auto backup: 2026-07-21 19:00:01
 1 file changed, 4 insertions(+)
To github.com:fabse-hack/klipper-config.git
   1af875b..2655d45  main -> main
[main f73c963] auto backup: 2026-07-21 19:15:01
 2 files changed, 7 insertions(+), 3 deletions(-)
To github.com:fabse-hack/klipper-config.git
   2655d45..f73c963  main -> main
[main 6352f7c] auto backup: 2026-07-21 19:30:01
 1 file changed, 4 insertions(+)
To github.com:fabse-hack/klipper-config.git
   f73c963..6352f7c  main -> main
